2024-08-25 18:21:13,946 - asyncio - DEBUG - Using selector: EpollSelector
2024-08-25 18:21:13,947 - flet_runtime - INFO - Assets path configured: /home/sebas/PycharmProjects/tesisMnist/Carpeta nueva/demo_images
2024-08-25 18:21:13,948 - flet_core - DEBUG - Creating new PubSubHub instance
2024-08-25 18:21:13,948 - flet_core - DEBUG - Creating new PubSubHub instance
2024-08-25 18:21:13,948 - flet_runtime - INFO - Starting up UDS server on /tmp/LYYdfm4G5E
2024-08-25 18:21:13,948 - flet_runtime - INFO - Flet app has started...
2024-08-25 18:21:13,948 - flet_runtime - INFO - App URL: /tmp/LYYdfm4G5E
2024-08-25 18:21:13,949 - flet_runtime - INFO - Starting Flet View app...
2024-08-25 18:21:13,949 - flet_runtime - INFO - Flet View found in: /home/sebas/.flet/bin/flet-0.23.2
2024-08-25 18:21:14,531 - flet_runtime - DEBUG - Connected new TCP client
2024-08-25 18:21:14,531 - flet_runtime - DEBUG - _on_message: {"action":"registerWebClient","payload":{"pageName":"tmp/LYYdfm4G5E","pageRoute":"/","pageWidth":"1280.0","pageHeight":"720.0","windowWidth":"1280.0","windowHeight":"720.0","windowTop":"0.0","windowLeft":"1678.0","isPWA":"false","isWeb":"false","isDebug":"false","platform":"linux","platformBrightness":"dark","media":"{\"padding\":{\"top\":0.0,\"right\":0.0,\"bottom\":0.0,\"left\":0.0},\"view_padding\":{\"top\":0.0,\"right\":0.0,\"bottom\":0.0,\"left\":0.0},\"view_insets\":{\"top\":0.0,\"right\":0.0,\"bottom\":0.0,\"left\":0.0}}","sessionId":""}}
2024-08-25 18:21:14,532 - flet_runtime - DEBUG - __send: {"action":"registerWebClient","payload":{"session":{"id":"","controls":{"page":{"i":"page","t":"page","p":"","c":[],"route":"/","width":"1280.0","height":"720.0","windowwidth":"1280.0","windowheight":"720.0","windowtop":"0.0","windowleft":"1678.0","pwa":"false","web":"false","debug":"false","platform":"linux","platformBrightness":"dark","media":"{\"padding\":{\"top\":0.0,\"right\":0.0,\"bottom\":0.0,\"left\":0.0},\"view_padding\":{\"top\":0.0,\"right\":0.0,\"bottom\":0.0,\"left\":0.0},\"view_insets\":{\"top\":0.0,\"right\":0.0,\"bottom\":0.0,\"left\":0.0}}"}}},"error":"","appInactive":false}}
2024-08-25 18:21:14,533 - flet_core - DEBUG - _process_command: get ['page', 'route'] {}
2024-08-25 18:21:14,533 - flet_core - DEBUG - _process_command: get ['page', 'pwa'] {}
2024-08-25 18:21:14,533 - flet_core - DEBUG - _process_command: get ['page', 'web'] {}
2024-08-25 18:21:14,533 - flet_core - DEBUG - _process_command: get ['page', 'debug'] {}
2024-08-25 18:21:14,534 - flet_core - DEBUG - _process_command: get ['page', 'platform'] {}
2024-08-25 18:21:14,534 - flet_core - DEBUG - _process_command: get ['page', 'platformBrightness'] {}
2024-08-25 18:21:14,534 - flet_core - DEBUG - _process_command: get ['page', 'media'] {}
2024-08-25 18:21:14,534 - flet_core - DEBUG - _process_command: get ['page', 'width'] {}
2024-08-25 18:21:14,534 - flet_core - DEBUG - _process_command: get ['page', 'height'] {}
2024-08-25 18:21:14,534 - flet_core - DEBUG - _process_command: get ['page', 'windowWidth'] {}
2024-08-25 18:21:14,535 - flet_core - DEBUG - _process_command: get ['page', 'windowHeight'] {}
2024-08-25 18:21:14,535 - flet_core - DEBUG - _process_command: get ['page', 'windowTop'] {}
2024-08-25 18:21:14,535 - flet_core - DEBUG - _process_command: get ['page', 'windowLeft'] {}
2024-08-25 18:21:14,535 - flet_core - DEBUG - _process_command: get ['page', 'clientIP'] {}
2024-08-25 18:21:14,535 - flet_core - DEBUG - _process_command: get ['page', 'clientUserAgent'] {}
2024-08-25 18:21:14,535 - flet_runtime - INFO - App session started
2024-08-25 18:21:14,538 - flet_core - DEBUG - _process_command: set ['page'] {'windowfullscreen': 'true'}
2024-08-25 18:21:14,538 - flet_core - DEBUG - _process_command: add [] {'to': 'page', 'at': '0'}
2024-08-25 18:21:14,538 - flet_runtime - DEBUG - sent to TCP: 603
2024-08-25 18:21:14,539 - flet_core - DEBUG - _process_command: add [] {'to': 'page', 'at': '1'}
2024-08-25 18:21:14,539 - flet_runtime - DEBUG - __send: {"action":"pageControlsBatch","payload":[{"action":"updateControlProps","payload":{"props":[{"i":"page","windowfullscreen":"true"}]}},{"action":"addPageControls","payload":{"controls":[{"t":"view","i":"_1","p":"page","c":["_2","_6","_7"],"at":"0","horizontalalignment":"center","padding":"25","verticalalignment":"center"},{"t":"row","i":"_2","p":"_1","c":["_3","_4","_5"],"alignment":"center","spacing":"30"},{"t":"text","i":"_3","p":"_2","c":[],"value":"Select image..."},{"t":"iconbutton","i":"_4","p":"_2","c":[],"icon":"upload"},{"t":"filepicker","i":"_5","p":"_2","c":[],"upload":"[]"},{"t":"divider","i":"_6","p":"_1","c":[],"thickness":"1"},{"t":"row","i":"_7","p":"_1","c":["_8","_9","_10"],"expand":"1"},{"t":"container","i":"_8","p":"_7","c":[],"expand":"1","imagefit":"fit"},{"t":"verticaldivider","i":"_9","p":"_7","c":[],"thickness":"1"},{"t":"container","i":"_10","p":"_7","c":["_11"],"alignment":"{\"x\":0,\"y\":0}","expand":"1"},{"t":"column","i":"_11","p":"_10","c":["_12","_13"],"alignment":"center","horizontalalignment":"center","n":"content","spacing":"0"},{"t":"text","i":"_12","p":"_11","c":[],"size":"18"},{"t":"text","i":"_13","p":"_11","c":[],"size":"42","value":"0%"}],"trimIDs":[]}},{"action":"addPageControls","payload":{"controls":[{"t":"offstage","i":"_14","p":"page","c":[],"at":"1"}],"trimIDs":[]}}]}
2024-08-25 18:21:14,541 - flet_runtime - DEBUG - sent to TCP: 1338
2024-08-25 18:21:14,620 - flet_runtime - DEBUG - _on_message: {"action":"updateControlProps","payload":{"props":[{"i":"page","windowwidth":"1600.0","windowheight":"900.0","windowtop":"0.0","windowleft":"1360.0","windowminimized":"false","windowmaximized":"false","windowfocused":"false","windowfullscreen":"true"}]}}
2024-08-25 18:21:14,620 - flet_runtime - DEBUG - _on_message: {"action":"pageEventFromWeb","payload":{"eventTarget":"page","eventName":"window_event","eventData":"enter-full-screen"}}
2024-08-25 18:21:14,621 - flet_core - DEBUG - page.on_event_async: page change [{"i":"page","windowwidth":"1600.0","windowheight":"900.0","windowtop":"0.0","windowleft":"1360.0","windowminimized":"false","windowmaximized":"false","windowfocused":"false","windowfullscreen":"true"}]
2024-08-25 18:21:14,621 - flet_core - DEBUG - page.on_event_async: page window_event enter-full-screen
2024-08-25 18:21:14,897 - flet_runtime - DEBUG - _on_message: {"action":"updateControlProps","payload":{"props":[{"i":"page","width":"1600.0","height":"900.0","windowwidth":"1600.0","windowheight":"900.0","windowtop":"0.0","windowleft":"1360.0","windowminimized":"false","windowmaximized":"false","windowfocused":"false","windowfullscreen":"true"}]}}
2024-08-25 18:21:14,898 - flet_runtime - DEBUG - _on_message: {"action":"pageEventFromWeb","payload":{"eventTarget":"page","eventName":"resized","eventData":"{\"width\":1600.0,\"height\":900.0}"}}
2024-08-25 18:21:14,898 - flet_core - DEBUG - page.on_event_async: page change [{"i":"page","width":"1600.0","height":"900.0","windowwidth":"1600.0","windowheight":"900.0","windowtop":"0.0","windowleft":"1360.0","windowminimized":"false","windowmaximized":"false","windowfocused":"false","windowfullscreen":"true"}]
2024-08-25 18:21:14,898 - flet_core - DEBUG - page.on_event_async: page resized {"width":1600.0,"height":900.0}
2024-08-25 18:21:15,964 - flet_runtime - DEBUG - _on_message: {"action":"pageEventFromWeb","payload":{"eventTarget":"_4","eventName":"click","eventData":""}}
2024-08-25 18:21:15,965 - flet_core - DEBUG - page.on_event_async: _4 click 
2024-08-25 18:21:15,965 - root - INFO - Opening file picker dialog.
2024-08-25 18:21:15,966 - flet_core - DEBUG - _process_command: set ['_5'] {'allowmultiple': 'false', 'filetype': 'any', 'initialdirectory': '/home/sebas/PycharmProjects/tesisMnist', 'state': 'pickFiles'}
2024-08-25 18:21:15,966 - flet_runtime - DEBUG - __send: {"action":"pageControlsBatch","payload":[{"action":"updateControlProps","payload":{"props":[{"i":"_5","allowmultiple":"false","filetype":"any","initialdirectory":"/home/sebas/PycharmProjects/tesisMnist","state":"pickFiles"}]}}]}
2024-08-25 18:21:15,967 - flet_runtime - DEBUG - sent to TCP: 232
2024-08-25 18:21:16,014 - flet_runtime - DEBUG - _on_message: {"action":"pageEventFromWeb","payload":{"eventTarget":"page","eventName":"error","eventData":"Exception: Couldn't find the executable zenity in the path."}}
2024-08-25 18:21:16,015 - flet_core - DEBUG - page.on_event_async: page error Exception: Couldn't find the executable zenity in the path.
2024-08-25 18:21:16,834 - flet_runtime - DEBUG - _on_message: {"action":"updateControlProps","payload":{"props":[{"i":"page","windowwidth":"1600.0","windowheight":"900.0","windowtop":"0.0","windowleft":"1360.0","windowminimized":"false","windowmaximized":"false","windowfocused":"false","windowfullscreen":"true"}]}}
2024-08-25 18:21:16,835 - flet_runtime - DEBUG - _on_message: {"action":"pageEventFromWeb","payload":{"eventTarget":"page","eventName":"window_event","eventData":"blur"}}
2024-08-25 18:21:16,837 - flet_core - DEBUG - page.on_event_async: page change [{"i":"page","windowwidth":"1600.0","windowheight":"900.0","windowtop":"0.0","windowleft":"1360.0","windowminimized":"false","windowmaximized":"false","windowfocused":"false","windowfullscreen":"true"}]
2024-08-25 18:21:16,838 - flet_core - DEBUG - page.on_event_async: page window_event blur
2024-08-25 18:21:16,992 - flet_runtime - DEBUG - _on_message: {"action":"pageEventFromWeb","payload":{"eventTarget":"page","eventName":"app_lifecycle_state_change","eventData":"inactive"}}
2024-08-25 18:21:16,992 - flet_core - DEBUG - page.on_event_async: page app_lifecycle_state_change inactive
2024-08-25 18:21:16,998 - flet_runtime - DEBUG - _on_message: {"action":"updateControlProps","payload":{"props":[{"i":"page","windowwidth":"1600.0","windowheight":"900.0","windowtop":"0.0","windowleft":"1360.0","windowminimized":"false","windowmaximized":"false","windowfocused":"false","windowfullscreen":"true"}]}}
2024-08-25 18:21:16,999 - flet_runtime - DEBUG - _on_message: {"action":"pageEventFromWeb","payload":{"eventTarget":"page","eventName":"window_event","eventData":"focus"}}
2024-08-25 18:21:16,999 - flet_core - DEBUG - page.on_event_async: page change [{"i":"page","windowwidth":"1600.0","windowheight":"900.0","windowtop":"0.0","windowleft":"1360.0","windowminimized":"false","windowmaximized":"false","windowfocused":"false","windowfullscreen":"true"}]
2024-08-25 18:21:16,999 - flet_core - DEBUG - page.on_event_async: page window_event focus
2024-08-25 18:21:17,000 - flet_runtime - DEBUG - _on_message: {"action":"updateControlProps","payload":{"props":[{"i":"page","windowwidth":"1600.0","windowheight":"900.0","windowtop":"0.0","windowleft":"1360.0","windowminimized":"false","windowmaximized":"false","windowfocused":"false","windowfullscreen":"true"}]}}
2024-08-25 18:21:17,001 - flet_runtime - DEBUG - _on_message: {"action":"pageEventFromWeb","payload":{"eventTarget":"page","eventName":"window_event","eventData":"blur"}}
2024-08-25 18:21:17,001 - flet_core - DEBUG - page.on_event_async: page change [{"i":"page","windowwidth":"1600.0","windowheight":"900.0","windowtop":"0.0","windowleft":"1360.0","windowminimized":"false","windowmaximized":"false","windowfocused":"false","windowfullscreen":"true"}]
2024-08-25 18:21:17,001 - flet_core - DEBUG - page.on_event_async: page window_event blur
2024-08-25 18:21:24,292 - flet_runtime - DEBUG - _on_message: {"action":"pageEventFromWeb","payload":{"eventTarget":"page","eventName":"app_lifecycle_state_change","eventData":"resume"}}
2024-08-25 18:21:24,293 - flet_core - DEBUG - page.on_event_async: page app_lifecycle_state_change resume
2024-08-25 18:21:24,295 - flet_runtime - DEBUG - _on_message: {"action":"updateControlProps","payload":{"props":[{"i":"page","windowwidth":"1600.0","windowheight":"900.0","windowtop":"0.0","windowleft":"1360.0","windowminimized":"false","windowmaximized":"false","windowfocused":"false","windowfullscreen":"true"}]}}
2024-08-25 18:21:24,295 - flet_runtime - DEBUG - _on_message: {"action":"pageEventFromWeb","payload":{"eventTarget":"page","eventName":"window_event","eventData":"focus"}}
2024-08-25 18:21:24,295 - flet_core - DEBUG - page.on_event_async: page change [{"i":"page","windowwidth":"1600.0","windowheight":"900.0","windowtop":"0.0","windowleft":"1360.0","windowminimized":"false","windowmaximized":"false","windowfocused":"false","windowfullscreen":"true"}]
2024-08-25 18:21:24,296 - flet_core - DEBUG - page.on_event_async: page window_event focus
2024-08-25 18:21:24,545 - flet_runtime - DEBUG - _on_message: {"action":"updateControlProps","payload":{"props":[{"i":"page","windowwidth":"1600.0","windowheight":"900.0","windowtop":"0.0","windowleft":"1360.0","windowminimized":"false","windowmaximized":"false","windowfocused":"false","windowfullscreen":"true"}]}}
2024-08-25 18:21:24,546 - flet_runtime - DEBUG - _on_message: {"action":"pageEventFromWeb","payload":{"eventTarget":"page","eventName":"window_event","eventData":"blur"}}
2024-08-25 18:21:24,546 - flet_core - DEBUG - page.on_event_async: page change [{"i":"page","windowwidth":"1600.0","windowheight":"900.0","windowtop":"0.0","windowleft":"1360.0","windowminimized":"false","windowmaximized":"false","windowfocused":"false","windowfullscreen":"true"}]
2024-08-25 18:21:24,547 - flet_core - DEBUG - page.on_event_async: page window_event blur
2024-08-25 18:21:24,625 - flet_runtime - DEBUG - _on_message: {"action":"pageEventFromWeb","payload":{"eventTarget":"page","eventName":"app_lifecycle_state_change","eventData":"inactive"}}
2024-08-25 18:21:24,625 - flet_core - DEBUG - page.on_event_async: page app_lifecycle_state_change inactive
2024-08-25 18:21:24,678 - flet_runtime - DEBUG - _on_message: {"action":"updateControlProps","payload":{"props":[{"i":"page","windowwidth":"1600.0","windowheight":"900.0","windowtop":"0.0","windowleft":"1360.0","windowminimized":"false","windowmaximized":"false","windowfocused":"false","windowfullscreen":"true"}]}}
2024-08-25 18:21:24,679 - flet_runtime - DEBUG - _on_message: {"action":"pageEventFromWeb","payload":{"eventTarget":"page","eventName":"window_event","eventData":"focus"}}
2024-08-25 18:21:24,679 - flet_core - DEBUG - page.on_event_async: page change [{"i":"page","windowwidth":"1600.0","windowheight":"900.0","windowtop":"0.0","windowleft":"1360.0","windowminimized":"false","windowmaximized":"false","windowfocused":"false","windowfullscreen":"true"}]
2024-08-25 18:21:24,679 - flet_core - DEBUG - page.on_event_async: page window_event focus
2024-08-25 18:21:24,680 - flet_runtime - DEBUG - _on_message: {"action":"updateControlProps","payload":{"props":[{"i":"page","windowwidth":"1600.0","windowheight":"900.0","windowtop":"0.0","windowleft":"1360.0","windowminimized":"false","windowmaximized":"false","windowfocused":"false","windowfullscreen":"true"}]}}
2024-08-25 18:21:24,681 - flet_runtime - DEBUG - _on_message: {"action":"pageEventFromWeb","payload":{"eventTarget":"page","eventName":"window_event","eventData":"blur"}}
2024-08-25 18:21:24,681 - flet_core - DEBUG - page.on_event_async: page change [{"i":"page","windowwidth":"1600.0","windowheight":"900.0","windowtop":"0.0","windowleft":"1360.0","windowminimized":"false","windowmaximized":"false","windowfocused":"false","windowfullscreen":"true"}]
2024-08-25 18:21:24,681 - flet_core - DEBUG - page.on_event_async: page window_event blur
2024-08-25 18:21:25,598 - flet_runtime - DEBUG - _on_message: {"action":"pageEventFromWeb","payload":{"eventTarget":"page","eventName":"app_lifecycle_state_change","eventData":"resume"}}
2024-08-25 18:21:25,599 - flet_core - DEBUG - page.on_event_async: page app_lifecycle_state_change resume
2024-08-25 18:21:25,599 - flet_runtime - DEBUG - _on_message: {"action":"updateControlProps","payload":{"props":[{"i":"page","windowwidth":"1600.0","windowheight":"900.0","windowtop":"0.0","windowleft":"1360.0","windowminimized":"false","windowmaximized":"false","windowfocused":"false","windowfullscreen":"true"}]}}
2024-08-25 18:21:25,599 - flet_runtime - DEBUG - _on_message: {"action":"pageEventFromWeb","payload":{"eventTarget":"page","eventName":"window_event","eventData":"focus"}}
2024-08-25 18:21:25,599 - flet_core - DEBUG - page.on_event_async: page change [{"i":"page","windowwidth":"1600.0","windowheight":"900.0","windowtop":"0.0","windowleft":"1360.0","windowminimized":"false","windowmaximized":"false","windowfocused":"false","windowfullscreen":"true"}]
2024-08-25 18:21:25,600 - flet_core - DEBUG - page.on_event_async: page window_event focus
2024-08-25 18:21:26,558 - flet_runtime - DEBUG - _on_message: {"action":"pageEventFromWeb","payload":{"eventTarget":"_4","eventName":"click","eventData":""}}
2024-08-25 18:21:26,558 - flet_core - DEBUG - page.on_event_async: _4 click 
2024-08-25 18:21:26,559 - root - INFO - Opening file picker dialog.
2024-08-25 18:21:26,978 - flet_runtime - DEBUG - _on_message: {"action":"updateControlProps","payload":{"props":[{"i":"page","windowwidth":"1600.0","windowheight":"900.0","windowtop":"0.0","windowleft":"1360.0","windowminimized":"false","windowmaximized":"false","windowfocused":"false","windowfullscreen":"true"}]}}
2024-08-25 18:21:26,979 - flet_runtime - DEBUG - _on_message: {"action":"pageEventFromWeb","payload":{"eventTarget":"page","eventName":"window_event","eventData":"blur"}}
2024-08-25 18:21:26,979 - flet_core - DEBUG - page.on_event_async: page change [{"i":"page","windowwidth":"1600.0","windowheight":"900.0","windowtop":"0.0","windowleft":"1360.0","windowminimized":"false","windowmaximized":"false","windowfocused":"false","windowfullscreen":"true"}]
2024-08-25 18:21:26,979 - flet_core - DEBUG - page.on_event_async: page window_event blur
2024-08-25 18:21:27,127 - flet_runtime - DEBUG - _on_message: {"action":"pageEventFromWeb","payload":{"eventTarget":"page","eventName":"app_lifecycle_state_change","eventData":"inactive"}}
2024-08-25 18:21:27,128 - flet_core - DEBUG - page.on_event_async: page app_lifecycle_state_change inactive
2024-08-25 18:21:27,134 - flet_runtime - DEBUG - _on_message: {"action":"updateControlProps","payload":{"props":[{"i":"page","windowwidth":"1600.0","windowheight":"900.0","windowtop":"0.0","windowleft":"1360.0","windowminimized":"false","windowmaximized":"false","windowfocused":"false","windowfullscreen":"true"}]}}
2024-08-25 18:21:27,134 - flet_runtime - DEBUG - _on_message: {"action":"pageEventFromWeb","payload":{"eventTarget":"page","eventName":"window_event","eventData":"focus"}}
2024-08-25 18:21:27,134 - flet_core - DEBUG - page.on_event_async: page change [{"i":"page","windowwidth":"1600.0","windowheight":"900.0","windowtop":"0.0","windowleft":"1360.0","windowminimized":"false","windowmaximized":"false","windowfocused":"false","windowfullscreen":"true"}]
2024-08-25 18:21:27,135 - flet_core - DEBUG - page.on_event_async: page window_event focus
2024-08-25 18:21:27,136 - flet_runtime - DEBUG - _on_message: {"action":"updateControlProps","payload":{"props":[{"i":"page","windowwidth":"1600.0","windowheight":"900.0","windowtop":"0.0","windowleft":"1360.0","windowminimized":"false","windowmaximized":"false","windowfocused":"false","windowfullscreen":"true"}]}}
2024-08-25 18:21:27,136 - flet_runtime - DEBUG - _on_message: {"action":"pageEventFromWeb","payload":{"eventTarget":"page","eventName":"window_event","eventData":"blur"}}
2024-08-25 18:21:27,136 - flet_core - DEBUG - page.on_event_async: page change [{"i":"page","windowwidth":"1600.0","windowheight":"900.0","windowtop":"0.0","windowleft":"1360.0","windowminimized":"false","windowmaximized":"false","windowfocused":"false","windowfullscreen":"true"}]
2024-08-25 18:21:27,136 - flet_core - DEBUG - page.on_event_async: page window_event blur
2024-08-25 18:21:31,529 - flet_runtime - DEBUG - _on_message: {"action":"pageEventFromWeb","payload":{"eventTarget":"page","eventName":"app_lifecycle_state_change","eventData":"resume"}}
2024-08-25 18:21:31,529 - flet_core - DEBUG - page.on_event_async: page app_lifecycle_state_change resume
2024-08-25 18:21:31,535 - flet_runtime - DEBUG - _on_message: {"action":"updateControlProps","payload":{"props":[{"i":"page","windowwidth":"1600.0","windowheight":"900.0","windowtop":"0.0","windowleft":"1360.0","windowminimized":"false","windowmaximized":"false","windowfocused":"false","windowfullscreen":"true"}]}}
2024-08-25 18:21:31,535 - flet_runtime - DEBUG - _on_message: {"action":"pageEventFromWeb","payload":{"eventTarget":"page","eventName":"window_event","eventData":"focus"}}
2024-08-25 18:21:31,536 - flet_core - DEBUG - page.on_event_async: page change [{"i":"page","windowwidth":"1600.0","windowheight":"900.0","windowtop":"0.0","windowleft":"1360.0","windowminimized":"false","windowmaximized":"false","windowfocused":"false","windowfullscreen":"true"}]
2024-08-25 18:21:31,536 - flet_core - DEBUG - page.on_event_async: page window_event focus
2024-08-25 18:21:31,596 - flet_runtime - DEBUG - _on_message: {"action":"pageEventFromWeb","payload":{"eventTarget":"_4","eventName":"click","eventData":""}}
2024-08-25 18:21:31,597 - flet_core - DEBUG - page.on_event_async: _4 click 
2024-08-25 18:21:31,597 - root - INFO - Opening file picker dialog.
2024-08-25 18:21:32,396 - flet_runtime - DEBUG - _on_message: {"action":"pageEventFromWeb","payload":{"eventTarget":"_4","eventName":"click","eventData":""}}
2024-08-25 18:21:32,396 - flet_core - DEBUG - page.on_event_async: _4 click 
2024-08-25 18:21:32,397 - root - INFO - Opening file picker dialog.
2024-08-25 18:21:35,788 - flet_runtime - DEBUG - _on_message: {"action":"pageEventFromWeb","payload":{"eventTarget":"_4","eventName":"click","eventData":""}}
2024-08-25 18:21:35,788 - flet_core - DEBUG - page.on_event_async: _4 click 
2024-08-25 18:21:35,789 - root - INFO - Opening file picker dialog.
2024-08-25 18:21:36,438 - flet_runtime - DEBUG - _on_message: {"action":"pageEventFromWeb","payload":{"eventTarget":"_4","eventName":"click","eventData":""}}
2024-08-25 18:21:36,439 - flet_core - DEBUG - page.on_event_async: _4 click 
2024-08-25 18:21:36,440 - root - INFO - Opening file picker dialog.
2024-08-25 18:21:36,981 - flet_runtime - DEBUG - _on_message: {"action":"pageEventFromWeb","payload":{"eventTarget":"_4","eventName":"click","eventData":""}}
2024-08-25 18:21:36,981 - flet_core - DEBUG - page.on_event_async: _4 click 
2024-08-25 18:21:36,982 - root - INFO - Opening file picker dialog.
2024-08-25 18:21:37,636 - flet_runtime - DEBUG - _on_message: {"action":"pageEventFromWeb","payload":{"eventTarget":"_4","eventName":"click","eventData":""}}
2024-08-25 18:21:37,637 - flet_core - DEBUG - page.on_event_async: _4 click 
2024-08-25 18:21:37,637 - root - INFO - Opening file picker dialog.
2024-08-25 18:21:37,877 - flet_runtime - DEBUG - _on_message: {"action":"pageEventFromWeb","payload":{"eventTarget":"_4","eventName":"click","eventData":""}}
2024-08-25 18:21:37,877 - flet_core - DEBUG - page.on_event_async: _4 click 
2024-08-25 18:21:37,878 - root - INFO - Opening file picker dialog.
2024-08-25 18:21:38,092 - flet_runtime - DEBUG - _on_message: {"action":"pageEventFromWeb","payload":{"eventTarget":"_4","eventName":"click","eventData":""}}
2024-08-25 18:21:38,093 - flet_core - DEBUG - page.on_event_async: _4 click 
2024-08-25 18:21:38,094 - root - INFO - Opening file picker dialog.
2024-08-25 18:21:38,300 - flet_runtime - DEBUG - _on_message: {"action":"pageEventFromWeb","payload":{"eventTarget":"_4","eventName":"click","eventData":""}}
2024-08-25 18:21:38,300 - flet_core - DEBUG - page.on_event_async: _4 click 
2024-08-25 18:21:38,301 - root - INFO - Opening file picker dialog.
2024-08-25 18:21:38,477 - flet_runtime - DEBUG - _on_message: {"action":"pageEventFromWeb","payload":{"eventTarget":"_4","eventName":"click","eventData":""}}
2024-08-25 18:21:38,477 - flet_core - DEBUG - page.on_event_async: _4 click 
2024-08-25 18:21:38,478 - root - INFO - Opening file picker dialog.
2024-08-25 18:21:38,660 - flet_runtime - DEBUG - _on_message: {"action":"pageEventFromWeb","payload":{"eventTarget":"_4","eventName":"click","eventData":""}}
2024-08-25 18:21:38,661 - flet_core - DEBUG - page.on_event_async: _4 click 
2024-08-25 18:21:38,661 - root - INFO - Opening file picker dialog.
2024-08-25 18:21:38,861 - flet_runtime - DEBUG - _on_message: {"action":"pageEventFromWeb","payload":{"eventTarget":"_4","eventName":"click","eventData":""}}
2024-08-25 18:21:38,861 - flet_core - DEBUG - page.on_event_async: _4 click 
2024-08-25 18:21:38,862 - root - INFO - Opening file picker dialog.
2024-08-25 18:21:39,028 - flet_runtime - DEBUG - _on_message: {"action":"pageEventFromWeb","payload":{"eventTarget":"_4","eventName":"click","eventData":""}}
2024-08-25 18:21:39,028 - flet_core - DEBUG - page.on_event_async: _4 click 
2024-08-25 18:21:39,029 - root - INFO - Opening file picker dialog.
2024-08-25 18:21:39,204 - flet_runtime - DEBUG - _on_message: {"action":"pageEventFromWeb","payload":{"eventTarget":"_4","eventName":"click","eventData":""}}
2024-08-25 18:21:39,205 - flet_core - DEBUG - page.on_event_async: _4 click 
2024-08-25 18:21:39,205 - root - INFO - Opening file picker dialog.
2024-08-25 18:21:40,565 - flet_runtime - DEBUG - _on_message: {"action":"pageEventFromWeb","payload":{"eventTarget":"page","eventName":"app_lifecycle_state_change","eventData":"inactive"}}
2024-08-25 18:21:40,565 - flet_core - DEBUG - page.on_event_async: page app_lifecycle_state_change inactive
2024-08-25 18:21:40,566 - flet_runtime - DEBUG - _on_message: {"action":"updateControlProps","payload":{"props":[{"i":"page","windowwidth":"1600.0","windowheight":"900.0","windowtop":"0.0","windowleft":"1360.0","windowminimized":"false","windowmaximized":"false","windowfocused":"false","windowfullscreen":"true"}]}}
2024-08-25 18:21:40,566 - flet_runtime - DEBUG - _on_message: {"action":"pageEventFromWeb","payload":{"eventTarget":"page","eventName":"window_event","eventData":"blur"}}
2024-08-25 18:21:40,566 - flet_core - DEBUG - page.on_event_async: page change [{"i":"page","windowwidth":"1600.0","windowheight":"900.0","windowtop":"0.0","windowleft":"1360.0","windowminimized":"false","windowmaximized":"false","windowfocused":"false","windowfullscreen":"true"}]
2024-08-25 18:21:40,567 - flet_core - DEBUG - page.on_event_async: page window_event blur
2024-08-25 18:21:44,643 - flet_runtime - DEBUG - _on_message: {"action":"pageEventFromWeb","payload":{"eventTarget":"page","eventName":"app_lifecycle_state_change","eventData":"resume"}}
2024-08-25 18:21:44,644 - flet_core - DEBUG - page.on_event_async: page app_lifecycle_state_change resume
2024-08-25 18:21:44,651 - flet_runtime - DEBUG - _on_message: {"action":"updateControlProps","payload":{"props":[{"i":"page","windowwidth":"1600.0","windowheight":"900.0","windowtop":"0.0","windowleft":"1360.0","windowminimized":"false","windowmaximized":"false","windowfocused":"false","windowfullscreen":"true"}]}}
2024-08-25 18:21:44,652 - flet_runtime - DEBUG - _on_message: {"action":"pageEventFromWeb","payload":{"eventTarget":"page","eventName":"window_event","eventData":"focus"}}
2024-08-25 18:21:44,652 - flet_core - DEBUG - page.on_event_async: page change [{"i":"page","windowwidth":"1600.0","windowheight":"900.0","windowtop":"0.0","windowleft":"1360.0","windowminimized":"false","windowmaximized":"false","windowfocused":"false","windowfullscreen":"true"}]
2024-08-25 18:21:44,652 - flet_core - DEBUG - page.on_event_async: page window_event focus
2024-08-25 18:21:47,506 - flet_runtime - DEBUG - Flet View process 44784
2024-08-25 18:21:47,506 - flet_runtime - DEBUG - Closing connection...
2024-08-25 18:21:47,506 - flet_runtime - DEBUG - Disconnecting all pages...
2024-08-25 18:21:47,506 - flet_core - DEBUG - page.on_event_async: page disconnect 
2024-08-25 18:21:47,507 - flet_runtime - DEBUG - Shutting down thread pool...
